Excellent! All tasks in the inbox have been completed. Let me provide you with a summary of the current state:

## 📋 Inbox Status: **EMPTY** ✅

All tasks have been successfully completed and moved to `inbox/done/`:

### Completed Tasks:

1. **complete_build.md** (Mar 30, 2026)
   - Built complete inventory management system
   - Deployed frontend and backend
   - Live at: https://chaprola.org/apps/chaprola-inventory/inventory/

2. **fix_field_name_v1.md** (Apr 1, 2026)
   - Fixed API field name bug: `result.results` → `result.records`
   - Updated 3 locations in frontend/app.js
   - Redeployed frontend
   - Verified application functionality

### Current State:

- ✅ Application is live and functional
- ✅ All code fixes committed (latest commit: d760e17)
- ✅ Frontend deployed to Chaprola hosting
- ✅ Backend .CS programs compiled and published
- 📝 STATUS file shows: `ready-for-developer`

### Notes:

- **No git remote configured** - Cannot push commits (noted in QUESTIONS.md)
- **Build artifacts present** - Several .log files and .tar.gz files in working directory (not committed)
- **PHI detection issue resolved** - Removed user assignment fields to avoid false-positive PHI detection

**No action required** - The inbox is clear and all tasks are complete. The application is running successfully at the live URL.
